<?xml version="1.0" encoding="UTF-8"?>
<!-- Generated by org.testng.reporters.JUnitReportReporter -->
<testsuite skipped="0" hostname="Ravikumars-MacBook-Pro.local" name="com.rvks.pom.testcases.PasswordPageTest" tests="1" failures="0" timestamp="17 Sep 2019 23:57:46 GMT" time="34.337" errors="0">
  <testcase name="submitPasswordTest" time="34.337" classname="com.rvks.pom.testcases.PasswordPageTest"/>
</testsuite> <!-- com.rvks.pom.testcases.PasswordPageTest -->
